<?xml version="1.0" encoding="UTF-8"?>
<testsuite xmlns:xsi="http://www.w3.org/2001/XMLSchema-instance" xsi:noNamespaceSchemaLocation="https://maven.apache.org/surefire/maven-surefire-plugin/xsd/surefire-test-report-3.0.xsd" version="3.0" name="com.teacher.server.TeacherServerApplicationTests" time="5.403" tests="1" errors="0" skipped="0" failures="0">
  <properties>
[...]
</properties>
  <testcase name="contextLoads" classname="com.teacher.server.TeacherServerApplicationTests" time="0.012">
    <system-out><![CDATA[12:08:39.813 [main] INFO org.springframework.test.context.support.AnnotationConfigContextLoaderUtils -- Could not detect default configuration classes for test class [com.teacher.server.TeacherServerApplicationTests]: TeacherServerApplicationTests does not declare any static, non-private, non-final, nested classes annotated with @Configuration.
12:08:39.962 [main] INFO org.springframework.boot.test.context.SpringBootTestContextBootstrapper -- Found @SpringBootConfiguration com.teacher.server.TeacherServerApplication for test class com.teacher.server.TeacherServerApplicationTests

  .   ____          _            __ _ _
 /\\ / ___'_ __ _ _(_)_ __  __ _ \ \ \ \
( ( )\___ | '_ | '_| | '_ \/ _` | \ \ \ \
 \\/  ___)| |_)| | | | | || (_| |  ) ) ) )
  '  |____| .__|_| |_|_| |_\__, | / / / /
 =========|_|==============|___/=/_/_/_/

 :: Spring Boot ::                (v3.3.5)

2026-03-30T12:08:40.566+08:00  INFO 28732 --- [teacher-server] [           main] c.t.s.TeacherServerApplicationTests      : Starting TeacherServerApplicationTests using Java 17.0.11 with PID 28732 (started by liuzhiyuan in D:\java\Teacher\teacher-backend\teacher-server)
2026-03-30T12:08:40.568+08:00  INFO 28732 --- [teacher-server] [           main] c.t.s.TeacherServerApplicationTests      : No active profile set, falling back to 1 default profile: "default"
 _ _   |_  _ _|_. ___ _ |    _ 
| | |\/|_)(_| | |_\  |_)||_|_\ 
     /               |         
                        3.5.7 
2026-03-30T12:08:44.043+08:00  WARN 28732 --- [teacher-server] [           main] .s.s.UserDetailsServiceAutoConfiguration : 

Using generated security password: c6a34934-01ea-4463-a1d5-a5cbcb906307

This generated password is for development use only. Your security configuration must be updated before running your application in production.

2026-03-30T12:08:44.132+08:00  INFO 28732 --- [teacher-server] [           main] r$InitializeUserDetailsManagerConfigurer : Global AuthenticationManager configured with UserDetailsService bean with name inMemoryUserDetailsManager
2026-03-30T12:08:45.134+08:00  INFO 28732 --- [teacher-server] [           main] c.t.s.TeacherServerApplicationTests      : Started TeacherServerApplicationTests in 4.995 seconds (process running for 17.245)
2026-03-30T12:08:45.142+08:00  WARN 28732 --- [teacher-server] [           main] c.t.server.TeacherServerApplication      : [StartupCheck] AMAP_WEB_KEY configured: false, reverse geocode will fallback
]]></system-out>
  </testcase>
</testsuite>